Build started at 2024-01-08T23:11:03.517002
Main binary: /usr/bin/python3
Build Options: 
Python system: Linux
The Meson build system
Version: 0.53.2
Source dir: /mnt/hgfs/ubuntu_share/av1decoder/av1decoder1/dav1d-master/dav1d
Build dir: /mnt/hgfs/ubuntu_share/av1decoder/av1decoder1/dav1d-master/dav1d/build
Build type: native build
Project name: dav1d
Project version: 1.3.0
No CFLAGS in the environment, not changing global flags.
No LDFLAGS in the environment, not changing global flags.
No CPPFLAGS in the environment, not changing global flags.
Sanity testing C compiler: cc
Is cross compiler: False.
Sanity check compiler command line: cc /mnt/hgfs/ubuntu_share/av1decoder/av1decoder1/dav1d-master/dav1d/build/meson-private/sanitycheckc.c -o /mnt/hgfs/ubuntu_share/av1decoder/av1decoder1/dav1d-master/dav1d/build/meson-private/sanitycheckc.exe -pipe -D_FILE_OFFSET_BITS=64
Sanity check compile stdout:

-----
Sanity check compile stderr:

-----
Running test binary command: /mnt/hgfs/ubuntu_share/av1decoder/av1decoder1/dav1d-master/dav1d/build/meson-private/sanitycheckc.exe
C compiler for the build machine: cc (gcc 9.4.0 "cc (Ubuntu 9.4.0-1ubuntu1~20.04.2) 9.4.0")
C linker for the build machine: cc ld.bfd 2.34
No CFLAGS in the environment, not changing global flags.
No LDFLAGS in the environment, not changing global flags.
No CPPFLAGS in the environment, not changing global flags.
Sanity testing C compiler: cc
Is cross compiler: False.
Sanity check compiler command line: cc /mnt/hgfs/ubuntu_share/av1decoder/av1decoder1/dav1d-master/dav1d/build/meson-private/sanitycheckc.c -o /mnt/hgfs/ubuntu_share/av1decoder/av1decoder1/dav1d-master/dav1d/build/meson-private/sanitycheckc.exe -pipe -D_FILE_OFFSET_BITS=64
Sanity check compile stdout:

-----
Sanity check compile stderr:

-----
Running test binary command: /mnt/hgfs/ubuntu_share/av1decoder/av1decoder1/dav1d-master/dav1d/build/meson-private/sanitycheckc.exe
C compiler for the host machine: cc (gcc 9.4.0 "cc (Ubuntu 9.4.0-1ubuntu1~20.04.2) 9.4.0")
C linker for the host machine: cc ld.bfd 2.34
Build machine cpu family: x86_64
Build machine cpu: x86_64
Host machine cpu family: x86_64
Host machine cpu: x86_64
Target machine cpu family: x86_64
Target machine cpu: x86_64
Running compile:
Working directory:  /tmp/tmpoz_2wqdt
Command line:  cc /tmp/tmpoz_2wqdt/testfile.c -pipe -E -P -D_FILE_OFFSET_BITS=64 -P -O0 -std=c99 

Code:
 
        
        #ifndef __ILP32__
        # define __ILP32__
        #endif
        "MESON_GET_DEFINE_DELIMITER"
__ILP32__
Compiler stdout:
         "MESON_GET_DEFINE_DELIMITER"


Compiler stderr:
 
Fetching value of define "__ILP32__" :  
Run-time dependency threads found: YES
Running compile:
Working directory:  /mnt/hgfs/ubuntu_share/av1decoder/av1decoder1/dav1d-master/dav1d/build/meson-private/tmpslh3b6of
Command line:  cc /mnt/hgfs/ubuntu_share/av1decoder/av1decoder1/dav1d-master/dav1d/build/meson-private/tmpslh3b6of/testfile.c -o /mnt/hgfs/ubuntu_share/av1decoder/av1decoder1/dav1d-master/dav1d/build/meson-private/tmpslh3b6of/output.exe -pipe -D_FILE_OFFSET_BITS=64 -O0 -std=c99 -D_GNU_SOURCE 

Code:
 #include <time.h>
#include <limits.h>

        #if defined __stub_clock_gettime || defined __stub___clock_gettime
        fail fail fail this function is not going to work
        #endif
        
int main(void) {
            void *a = (void*) &clock_gettime;
            long b = (long) a;
            return (int) b;
        }
Compiler stdout:
 
Compiler stderr:
 
Checking for function "clock_gettime" : YES 
Running compile:
Working directory:  /mnt/hgfs/ubuntu_share/av1decoder/av1decoder1/dav1d-master/dav1d/build/meson-private/tmp4atmnfr4
Command line:  cc /mnt/hgfs/ubuntu_share/av1decoder/av1decoder1/dav1d-master/dav1d/build/meson-private/tmp4atmnfr4/testfile.c -o /mnt/hgfs/ubuntu_share/av1decoder/av1decoder1/dav1d-master/dav1d/build/meson-private/tmp4atmnfr4/output.exe -pipe -D_FILE_OFFSET_BITS=64 -O0 -std=c99 -D_GNU_SOURCE 

Code:
 #include <stdlib.h>
#include <limits.h>

        #if defined __stub_posix_memalign || defined __stub___posix_memalign
        fail fail fail this function is not going to work
        #endif
        
int main(void) {
            void *a = (void*) &posix_memalign;
            long b = (long) a;
            return (int) b;
        }
Compiler stdout:
 
Compiler stderr:
 
Checking for function "posix_memalign" : YES 
Running compile:
Working directory:  /mnt/hgfs/ubuntu_share/av1decoder/av1decoder1/dav1d-master/dav1d/build/meson-private/tmpumddaxu7
Command line:  cc /mnt/hgfs/ubuntu_share/av1decoder/av1decoder1/dav1d-master/dav1d/build/meson-private/tmpumddaxu7/testfile.c -o /mnt/hgfs/ubuntu_share/av1decoder/av1decoder1/dav1d-master/dav1d/build/meson-private/tmpumddaxu7/output.exe -pipe -D_FILE_OFFSET_BITS=64 -O0 -Wl,--start-group -ldl -Wl,--end-group -Wl,--allow-shlib-undefined 

Code:
 int main(void) { return 0; }
Compiler stdout:
 
Compiler stderr:
 
Library dl found: YES
Running compile:
Working directory:  /mnt/hgfs/ubuntu_share/av1decoder/av1decoder1/dav1d-master/dav1d/build/meson-private/tmpl7dqu47t
Command line:  cc /mnt/hgfs/ubuntu_share/av1decoder/av1decoder1/dav1d-master/dav1d/build/meson-private/tmpl7dqu47t/testfile.c -o /mnt/hgfs/ubuntu_share/av1decoder/av1decoder1/dav1d-master/dav1d/build/meson-private/tmpl7dqu47t/output.exe -pipe -D_FILE_OFFSET_BITS=64 -O0 -std=c99 -D_GNU_SOURCE -Wl,--start-group -ldl -Wl,--end-group 

Code:
 #include <dlfcn.h>
#include <limits.h>

        #if defined __stub_dlsym || defined __stub___dlsym
        fail fail fail this function is not going to work
        #endif
        
int main(void) {
            void *a = (void*) &dlsym;
            long b = (long) a;
            return (int) b;
        }
Compiler stdout:
 
Compiler stderr:
 
Checking for function "dlsym" with dependency -ldl: YES 
Running compile:
Working directory:  /mnt/hgfs/ubuntu_share/av1decoder/av1decoder1/dav1d-master/dav1d/build/meson-private/tmp4iqkra9r
Command line:  cc /mnt/hgfs/ubuntu_share/av1decoder/av1decoder1/dav1d-master/dav1d/build/meson-private/tmp4iqkra9r/testfile.c -o /mnt/hgfs/ubuntu_share/av1decoder/av1decoder1/dav1d-master/dav1d/build/meson-private/tmp4iqkra9r/output.exe -pipe -D_FILE_OFFSET_BITS=64 -O0 -Wl,--start-group -lm -Wl,--end-group -Wl,--allow-shlib-undefined 

Code:
 int main(void) { return 0; }
Compiler stdout:
 
Compiler stderr:
 
Library m found: YES
Running compile:
Working directory:  /mnt/hgfs/ubuntu_share/av1decoder/av1decoder1/dav1d-master/dav1d/build/meson-private/tmpl0dp2e2a
Command line:  cc /mnt/hgfs/ubuntu_share/av1decoder/av1decoder1/dav1d-master/dav1d/build/meson-private/tmpl0dp2e2a/testfile.c -o /mnt/hgfs/ubuntu_share/av1decoder/av1decoder1/dav1d-master/dav1d/build/meson-private/tmpl0dp2e2a/output.obj -pipe -c -D_FILE_OFFSET_BITS=64 -O0 -std=c99 

Code:
 
        #include <stdatomic.h>
Compiler stdout:
 
Compiler stderr:
 
Check usable header "stdatomic.h" : YES 
Running compile:
Working directory:  /mnt/hgfs/ubuntu_share/av1decoder/av1decoder1/dav1d-master/dav1d/build/meson-private/tmpo_exnp_7
Command line:  cc /mnt/hgfs/ubuntu_share/av1decoder/av1decoder1/dav1d-master/dav1d/build/meson-private/tmpo_exnp_7/testfile.c -o /mnt/hgfs/ubuntu_share/av1decoder/av1decoder1/dav1d-master/dav1d/build/meson-private/tmpo_exnp_7/output.obj -pipe -c -D_FILE_OFFSET_BITS=64 -O0 -std=c99 

Code:
 
        #include <unistd.h>
Compiler stdout:
 
Compiler stderr:
 
Check usable header "unistd.h" : YES 
Running compile:
Working directory:  /mnt/hgfs/ubuntu_share/av1decoder/av1decoder1/dav1d-master/dav1d/build/meson-private/tmp0kx_0h2q
Command line:  cc /mnt/hgfs/ubuntu_share/av1decoder/av1decoder1/dav1d-master/dav1d/build/meson-private/tmp0kx_0h2q/testfile.c -o /mnt/hgfs/ubuntu_share/av1decoder/av1decoder1/dav1d-master/dav1d/build/meson-private/tmp0kx_0h2q/output.obj -pipe -c -D_FILE_OFFSET_BITS=64 -O0 -std=c99 

Code:
 
        #include <io.h>
Compiler stdout:
 
Compiler stderr:
 /mnt/hgfs/ubuntu_share/av1decoder/av1decoder1/dav1d-master/dav1d/build/meson-private/tmp0kx_0h2q/testfile.c:2:18: fatal error: io.h: No such file or directory
    2 |         #include <io.h>
      |                  ^~~~~~
compilation terminated.

Check usable header "io.h" : NO 
Running compile:
Working directory:  /mnt/hgfs/ubuntu_share/av1decoder/av1decoder1/dav1d-master/dav1d/build/meson-private/tmpwvyyvexq
Command line:  cc /mnt/hgfs/ubuntu_share/av1decoder/av1decoder1/dav1d-master/dav1d/build/meson-private/tmpwvyyvexq/testfile.c -o /mnt/hgfs/ubuntu_share/av1decoder/av1decoder1/dav1d-master/dav1d/build/meson-private/tmpwvyyvexq/output.obj -pipe -c -D_FILE_OFFSET_BITS=64 -O0 -std=c99 

Code:
 
        #include <pthread_np.h>
Compiler stdout:
 
Compiler stderr:
 /mnt/hgfs/ubuntu_share/av1decoder/av1decoder1/dav1d-master/dav1d/build/meson-private/tmpwvyyvexq/testfile.c:2:18: fatal error: pthread_np.h: No such file or directory
    2 |         #include <pthread_np.h>
      |                  ^~~~~~~~~~~~~~
compilation terminated.

Check usable header "pthread_np.h" : NO 
Running compile:
Working directory:  /mnt/hgfs/ubuntu_share/av1decoder/av1decoder1/dav1d-master/dav1d/build/meson-private/tmppvhkled6
Command line:  cc /mnt/hgfs/ubuntu_share/av1decoder/av1decoder1/dav1d-master/dav1d/build/meson-private/tmppvhkled6/testfile.c -o /mnt/hgfs/ubuntu_share/av1decoder/av1decoder1/dav1d-master/dav1d/build/meson-private/tmppvhkled6/output.exe -pipe -D_FILE_OFFSET_BITS=64 -O0 -std=c99 -D_GNU_SOURCE 

Code:
 #include <getopt.h>
#include <limits.h>

        #if defined __stub_getopt_long || defined __stub___getopt_long
        fail fail fail this function is not going to work
        #endif
        
int main(void) {
            void *a = (void*) &getopt_long;
            long b = (long) a;
            return (int) b;
        }
Compiler stdout:
 
Compiler stderr:
 
Checking for function "getopt_long" : YES 
Running compile:
Working directory:  /mnt/hgfs/ubuntu_share/av1decoder/av1decoder1/dav1d-master/dav1d/build/meson-private/tmpleijzrs6
Command line:  cc /mnt/hgfs/ubuntu_share/av1decoder/av1decoder1/dav1d-master/dav1d/build/meson-private/tmpleijzrs6/testfile.c -o /mnt/hgfs/ubuntu_share/av1decoder/av1decoder1/dav1d-master/dav1d/build/meson-private/tmpleijzrs6/output.exe -pipe -pthread -D_FILE_OFFSET_BITS=64 -O0 -std=c99 -D_GNU_SOURCE 

Code:
 
#include <pthread.h>
#ifdef HAVE_PTHREAD_NP_H
#include <pthread_np.h>
#endif

#include <limits.h>

        #if defined __stub_pthread_getaffinity_np || defined __stub___pthread_getaffinity_np
        fail fail fail this function is not going to work
        #endif
        
int main(void) {
            void *a = (void*) &pthread_getaffinity_np;
            long b = (long) a;
            return (int) b;
        }
Compiler stdout:
 
Compiler stderr:
 
Checking for function "pthread_getaffinity_np" with dependency threads: YES 
Running compile:
Working directory:  /mnt/hgfs/ubuntu_share/av1decoder/av1decoder1/dav1d-master/dav1d/build/meson-private/tmpkgu5rqft
Command line:  cc /mnt/hgfs/ubuntu_share/av1decoder/av1decoder1/dav1d-master/dav1d/build/meson-private/tmpkgu5rqft/testfile.c -o /mnt/hgfs/ubuntu_share/av1decoder/av1decoder1/dav1d-master/dav1d/build/meson-private/tmpkgu5rqft/output.exe -pipe -pthread -D_FILE_OFFSET_BITS=64 -O0 -std=c99 -D_GNU_SOURCE 

Code:
 
#include <pthread.h>
#ifdef HAVE_PTHREAD_NP_H
#include <pthread_np.h>
#endif

#include <limits.h>

        #if defined __stub_pthread_setaffinity_np || defined __stub___pthread_setaffinity_np
        fail fail fail this function is not going to work
        #endif
        
int main(void) {
            void *a = (void*) &pthread_setaffinity_np;
            long b = (long) a;
            return (int) b;
        }
Compiler stdout:
 
Compiler stderr:
 
Checking for function "pthread_setaffinity_np" with dependency threads: YES 
Running compile:
Working directory:  /mnt/hgfs/ubuntu_share/av1decoder/av1decoder1/dav1d-master/dav1d/build/meson-private/tmpdzx5bytg
Command line:  cc /mnt/hgfs/ubuntu_share/av1decoder/av1decoder1/dav1d-master/dav1d/build/meson-private/tmpdzx5bytg/testfile.c -o /mnt/hgfs/ubuntu_share/av1decoder/av1decoder1/dav1d-master/dav1d/build/meson-private/tmpdzx5bytg/output.obj -pipe -c -D_FILE_OFFSET_BITS=64 -O0 -std=c99 -D_GNU_SOURCE 

Code:
 int x = _Generic(0, default: 0);
Compiler stdout:
 
Compiler stderr:
 
Checking if "_Generic" compiles: YES 
Running compile:
Working directory:  /mnt/hgfs/ubuntu_share/av1decoder/av1decoder1/dav1d-master/dav1d/build/meson-private/tmp2e3okbxw
Command line:  cc /mnt/hgfs/ubuntu_share/av1decoder/av1decoder1/dav1d-master/dav1d/build/meson-private/tmp2e3okbxw/testfile.c -o /mnt/hgfs/ubuntu_share/av1decoder/av1decoder1/dav1d-master/dav1d/build/meson-private/tmp2e3okbxw/output.obj -pipe -c -D_FILE_OFFSET_BITS=64 -O0 -fvisibility=hidden 

Code:
 int i;

Compiler stdout:
 
Compiler stderr:
 
Compiler for C supports arguments -fvisibility=hidden: YES 
Running compile:
Working directory:  /mnt/hgfs/ubuntu_share/av1decoder/av1decoder1/dav1d-master/dav1d/build/meson-private/tmpom8a8cvg
Command line:  cc /mnt/hgfs/ubuntu_share/av1decoder/av1decoder1/dav1d-master/dav1d/build/meson-private/tmpom8a8cvg/testfile.c -o /mnt/hgfs/ubuntu_share/av1decoder/av1decoder1/dav1d-master/dav1d/build/meson-private/tmpom8a8cvg/output.obj -pipe -c -D_FILE_OFFSET_BITS=64 -O0 -Wundef 

Code:
 int i;

Compiler stdout:
 
Compiler stderr:
 
Compiler for C supports arguments -Wundef: YES 
Running compile:
Working directory:  /mnt/hgfs/ubuntu_share/av1decoder/av1decoder1/dav1d-master/dav1d/build/meson-private/tmpmanr_hgb
Command line:  cc /mnt/hgfs/ubuntu_share/av1decoder/av1decoder1/dav1d-master/dav1d/build/meson-private/tmpmanr_hgb/testfile.c -o /mnt/hgfs/ubuntu_share/av1decoder/av1decoder1/dav1d-master/dav1d/build/meson-private/tmpmanr_hgb/output.obj -pipe -c -D_FILE_OFFSET_BITS=64 -O0 -Werror=vla 

Code:
 int i;

Compiler stdout:
 
Compiler stderr:
 
Compiler for C supports arguments -Werror=vla: YES 
Running compile:
Working directory:  /mnt/hgfs/ubuntu_share/av1decoder/av1decoder1/dav1d-master/dav1d/build/meson-private/tmpohu0_mwc
Command line:  cc /mnt/hgfs/ubuntu_share/av1decoder/av1decoder1/dav1d-master/dav1d/build/meson-private/tmpohu0_mwc/testfile.c -o /mnt/hgfs/ubuntu_share/av1decoder/av1decoder1/dav1d-master/dav1d/build/meson-private/tmpohu0_mwc/output.obj -pipe -c -D_FILE_OFFSET_BITS=64 -O0 -Wno-maybe-uninitialized -Wmaybe-uninitialized 

Code:
 int i;

Compiler stdout:
 
Compiler stderr:
 
Compiler for C supports arguments -Wno-maybe-uninitialized -Wmaybe-uninitialized: YES 
Running compile:
Working directory:  /mnt/hgfs/ubuntu_share/av1decoder/av1decoder1/dav1d-master/dav1d/build/meson-private/tmpu8uxvkgd
Command line:  cc /mnt/hgfs/ubuntu_share/av1decoder/av1decoder1/dav1d-master/dav1d/build/meson-private/tmpu8uxvkgd/testfile.c -o /mnt/hgfs/ubuntu_share/av1decoder/av1decoder1/dav1d-master/dav1d/build/meson-private/tmpu8uxvkgd/output.obj -pipe -c -D_FILE_OFFSET_BITS=64 -O0 -Wno-missing-field-initializers -Wmissing-field-initializers 

Code:
 int i;

Compiler stdout:
 
Compiler stderr:
 
Compiler for C supports arguments -Wno-missing-field-initializers -Wmissing-field-initializers: YES 
Running compile:
Working directory:  /mnt/hgfs/ubuntu_share/av1decoder/av1decoder1/dav1d-master/dav1d/build/meson-private/tmp5if_l40s
Command line:  cc /mnt/hgfs/ubuntu_share/av1decoder/av1decoder1/dav1d-master/dav1d/build/meson-private/tmp5if_l40s/testfile.c -o /mnt/hgfs/ubuntu_share/av1decoder/av1decoder1/dav1d-master/dav1d/build/meson-private/tmp5if_l40s/output.obj -pipe -c -D_FILE_OFFSET_BITS=64 -O0 -Wno-unused-parameter -Wunused-parameter 

Code:
 int i;

Compiler stdout:
 
Compiler stderr:
 
Compiler for C supports arguments -Wno-unused-parameter -Wunused-parameter: YES 
Running compile:
Working directory:  /mnt/hgfs/ubuntu_share/av1decoder/av1decoder1/dav1d-master/dav1d/build/meson-private/tmpunpn3x9k
Command line:  cc /mnt/hgfs/ubuntu_share/av1decoder/av1decoder1/dav1d-master/dav1d/build/meson-private/tmpunpn3x9k/testfile.c -o /mnt/hgfs/ubuntu_share/av1decoder/av1decoder1/dav1d-master/dav1d/build/meson-private/tmpunpn3x9k/output.obj -pipe -c -D_FILE_OFFSET_BITS=64 -O0 -Wstrict-prototypes 

Code:
 int i;

Compiler stdout:
 
Compiler stderr:
 
Compiler for C supports arguments -Wstrict-prototypes: YES 
Running compile:
Working directory:  /mnt/hgfs/ubuntu_share/av1decoder/av1decoder1/dav1d-master/dav1d/build/meson-private/tmpccyhe61v
Command line:  cc /mnt/hgfs/ubuntu_share/av1decoder/av1decoder1/dav1d-master/dav1d/build/meson-private/tmpccyhe61v/testfile.c -o /mnt/hgfs/ubuntu_share/av1decoder/av1decoder1/dav1d-master/dav1d/build/meson-private/tmpccyhe61v/output.obj -pipe -c -D_FILE_OFFSET_BITS=64 -O0 -Werror=missing-prototypes 

Code:
 int i;

Compiler stdout:
 
Compiler stderr:
 
Compiler for C supports arguments -Werror=missing-prototypes: YES 
Running compile:
Working directory:  /mnt/hgfs/ubuntu_share/av1decoder/av1decoder1/dav1d-master/dav1d/build/meson-private/tmpppg22kpb
Command line:  cc /mnt/hgfs/ubuntu_share/av1decoder/av1decoder1/dav1d-master/dav1d/build/meson-private/tmpppg22kpb/testfile.c -o /mnt/hgfs/ubuntu_share/av1decoder/av1decoder1/dav1d-master/dav1d/build/meson-private/tmpppg22kpb/output.obj -pipe -c -D_FILE_OFFSET_BITS=64 -O0 -Wshorten-64-to-32 

Code:
 int i;

Compiler stdout:
 
Compiler stderr:
 cc: error: unrecognized command line option '-Wshorten-64-to-32'

Compiler for C supports arguments -Wshorten-64-to-32: NO 
Running compile:
Working directory:  /mnt/hgfs/ubuntu_share/av1decoder/av1decoder1/dav1d-master/dav1d/build/meson-private/tmpg1c79gek
Command line:  cc /mnt/hgfs/ubuntu_share/av1decoder/av1decoder1/dav1d-master/dav1d/build/meson-private/tmpg1c79gek/testfile.c -o /mnt/hgfs/ubuntu_share/av1decoder/av1decoder1/dav1d-master/dav1d/build/meson-private/tmpg1c79gek/output.obj -pipe -c -D_FILE_OFFSET_BITS=64 -O0 -fomit-frame-pointer 

Code:
 int i;

Compiler stdout:
 
Compiler stderr:
 
Compiler for C supports arguments -fomit-frame-pointer: YES 
Running compile:
Working directory:  /mnt/hgfs/ubuntu_share/av1decoder/av1decoder1/dav1d-master/dav1d/build/meson-private/tmpx0o0ww8c
Command line:  cc /mnt/hgfs/ubuntu_share/av1decoder/av1decoder1/dav1d-master/dav1d/build/meson-private/tmpx0o0ww8c/testfile.c -o /mnt/hgfs/ubuntu_share/av1decoder/av1decoder1/dav1d-master/dav1d/build/meson-private/tmpx0o0ww8c/output.obj -pipe -c -D_FILE_OFFSET_BITS=64 -O0 -ffast-math 

Code:
 int i;

Compiler stdout:
 
Compiler stderr:
 
Compiler for C supports arguments -ffast-math: YES 
Running compile:
Working directory:  /tmp/tmp11yubdxm
Command line:  cc /tmp/tmp11yubdxm/testfile.c -pipe -E -P -D_FILE_OFFSET_BITS=64 -P -O0 -std=c99 

Code:
 
        
        #ifndef __AVX__
        # define __AVX__
        #endif
        "MESON_GET_DEFINE_DELIMITER"
__AVX__
Compiler stdout:
         "MESON_GET_DEFINE_DELIMITER"


Compiler stderr:
 
Fetching value of define "__AVX__" :  
Program nasm found: YES (/usr/bin/nasm)
Running command: /usr/bin/nasm -v
--- stdout ---
NASM version 2.14.02

--- stderr ---


Configuring config.asm using configuration
Configuring config.h using configuration
Configuring version.h using configuration
Running compile:
Working directory:  /mnt/hgfs/ubuntu_share/av1decoder/av1decoder1/dav1d-master/dav1d/build/meson-private/tmpz7n43g3r
Command line:  cc -I/mnt/hgfs/ubuntu_share/av1decoder/av1decoder1/dav1d-master/dav1d/tools/output /mnt/hgfs/ubuntu_share/av1decoder/av1decoder1/dav1d-master/dav1d/build/meson-private/tmpz7n43g3r/testfile.c -o /mnt/hgfs/ubuntu_share/av1decoder/av1decoder1/dav1d-master/dav1d/build/meson-private/tmpz7n43g3r/output.obj -pipe -c -D_FILE_OFFSET_BITS=64 -O0 -std=c99 

Code:
 
        #include <xxhash.h>
        int main(void) {
            /* If it's not defined as a macro, try to use as a symbol */
            #ifndef XXH3_createState
                XXH3_createState;
            #endif
            return 0;
        }
Compiler stdout:
 
Compiler stderr:
 /mnt/hgfs/ubuntu_share/av1decoder/av1decoder1/dav1d-master/dav1d/build/meson-private/tmpz7n43g3r/testfile.c:2:18: fatal error: xxhash.h: No such file or directory
    2 |         #include <xxhash.h>
      |                  ^~~~~~~~~~
compilation terminated.

Header <xxhash.h> has symbol "XXH3_createState" : NO 
Configuring cli_config.h using configuration
tools/meson.build:109: WARNING: Passed invalid keyword argument "buildtype".
WARNING: This will become a hard error in the future.
Adding test "checkasm"
Adding benchmark "checkasm"
Running compile:
Working directory:  /mnt/hgfs/ubuntu_share/av1decoder/av1decoder1/dav1d-master/dav1d/build/meson-private/tmpzc1q5_3b
Command line:  cc /mnt/hgfs/ubuntu_share/av1decoder/av1decoder1/dav1d-master/dav1d/build/meson-private/tmpzc1q5_3b/testfile.c -o /mnt/hgfs/ubuntu_share/av1decoder/av1decoder1/dav1d-master/dav1d/build/meson-private/tmpzc1q5_3b/output.obj -pipe -c -D_FILE_OFFSET_BITS=64 -O0 -Werror=c11-extensions 

Code:
 int i;

Compiler stdout:
 
Compiler stderr:
 cc1: error: '-Werror=c11-extensions': no option -Wc11-extensions

Compiler for C supports arguments -Werror=c11-extensions: NO 
Running compile:
Working directory:  /mnt/hgfs/ubuntu_share/av1decoder/av1decoder1/dav1d-master/dav1d/build/meson-private/tmpo4fkmao_
Command line:  cc /mnt/hgfs/ubuntu_share/av1decoder/av1decoder1/dav1d-master/dav1d/build/meson-private/tmpo4fkmao_/testfile.c -o /mnt/hgfs/ubuntu_share/av1decoder/av1decoder1/dav1d-master/dav1d/build/meson-private/tmpo4fkmao_/output.obj -pipe -c -D_FILE_OFFSET_BITS=64 -O0 -Werror=c99-c11-compat 

Code:
 int i;

Compiler stdout:
 
Compiler stderr:
 
Compiler for C supports arguments -Werror=c99-c11-compat: YES 
First supported argument: -Werror=c99-c11-compat
Adding test "common.h_test"
Adding test "data.h_test"
Adding test "dav1d.h_test"
Adding test "headers.h_test"
Adding test "picture.h_test"
Program objcopy found: YES (/usr/bin/objcopy)
Build targets in project: 20

Found ninja-1.10.0 at /usr/bin/ninja
Running compile:
Working directory:  /mnt/hgfs/ubuntu_share/av1decoder/av1decoder1/dav1d-master/dav1d/build/meson-private/tmpoei1mbhq
Command line:  cc /mnt/hgfs/ubuntu_share/av1decoder/av1decoder1/dav1d-master/dav1d/build/meson-private/tmpoei1mbhq/testfile.c -o /mnt/hgfs/ubuntu_share/av1decoder/av1decoder1/dav1d-master/dav1d/build/meson-private/tmpoei1mbhq/output.obj -pipe -c -D_FILE_OFFSET_BITS=64 -O0 --print-search-dirs 

Code:
 
Compiler stdout:
 install: /usr/lib/gcc/x86_64-linux-gnu/9/
programs: =/usr/lib/gcc/x86_64-linux-gnu/9/:/usr/lib/gcc/x86_64-linux-gnu/9/:/usr/lib/gcc/x86_64-linux-gnu/:/usr/lib/gcc/x86_64-linux-gnu/9/:/usr/lib/gcc/x86_64-linux-gnu/:/usr/lib/gcc/x86_64-linux-gnu/9/../../../../x86_64-linux-gnu/bin/x86_64-linux-gnu/9/:/usr/lib/gcc/x86_64-linux-gnu/9/../../../../x86_64-linux-gnu/bin/x86_64-linux-gnu/:/usr/lib/gcc/x86_64-linux-gnu/9/../../../../x86_64-linux-gnu/bin/
libraries: =/usr/lib/gcc/x86_64-linux-gnu/9/:/usr/lib/gcc/x86_64-linux-gnu/9/../../../../x86_64-linux-gnu/lib/x86_64-linux-gnu/9/:/usr/lib/gcc/x86_64-linux-gnu/9/../../../../x86_64-linux-gnu/lib/x86_64-linux-gnu/:/usr/lib/gcc/x86_64-linux-gnu/9/../../../../x86_64-linux-gnu/lib/../lib/:/usr/lib/gcc/x86_64-linux-gnu/9/../../../x86_64-linux-gnu/9/:/usr/lib/gcc/x86_64-linux-gnu/9/../../../x86_64-linux-gnu/:/usr/lib/gcc/x86_64-linux-gnu/9/../../../../lib/:/lib/x86_64-linux-gnu/9/:/lib/x86_64-linux-gnu/:/lib/../lib/:/usr/lib/x86_64-linux-gnu/9/:/usr/lib/x86_64-linux-gnu/:/usr/lib/../lib/:/usr/lib/gcc/x86_64-linux-gnu/9/../../../../x86_64-linux-gnu/lib/:/usr/lib/gcc/x86_64-linux-gnu/9/../../../:/lib/:/usr/lib/

Compiler stderr:
 
Library versioning disabled because we do not have symlink creation privileges.
Library versioning disabled because we do not have symlink creation privileges.
